# JRE version: Java(TM) SE Runtime Environment (7.0_67-b01) (build 1.7.0_67-b01)
# Java VM: Java HotSpot(TM) 64-Bit Server VM (24.65-b04 mixed mode windows-amd64 compressed oops)
Heap
 PSYoungGen      total 257536K, used 153145K [0x00000000ebc00000, 0x0000000100000000, 0x0000000100000000)
  eden space 183296K, 83% used [0x00000000ebc00000,0x00000000f512e540,0x00000000f6f00000)
  from space 74240K, 0% used [0x00000000f6f00000,0x00000000f6f60000,0x00000000fb780000)
  to   space 74240K, 0% used [0x00000000fb780000,0x00000000fb780000,0x0000000100000000)
 ParOldGen       total 436736K, used 369430K [0x00000000c3400000, 0x00000000dde80000, 0x00000000ebc00000)
  object space 436736K, 84% used [0x00000000c3400000,0x00000000d9cc5800,0x00000000dde80000)
 PSPermGen       total 21504K, used 8276K [0x00000000be200000, 0x00000000bf700000, 0x00000000c3400000)
  object space 21504K, 38% used [0x00000000be200000,0x00000000bea15130,0x00000000bf700000)
GC Heap History (10 events):
Event: 46.534 GC heap before
{Heap before GC invocations=57 (full 4):
 PSYoungGen      total 259584K, used 217984K [0x00000000ebc00000, 0x00000000ffd00000, 0x0000000100000000)
  eden space 189440K, 100% used [0x00000000ebc00000,0x00000000f7500000,0x00000000f7500000)
  from space 70144K, 40% used [0x00000000fb880000,0x00000000fd460020,0x00000000ffd00000)
  to   space 69120K, 0% used [0x00000000f7500000,0x00000000f7500000,0x00000000fb880000)
 ParOldGen       total 436736K, used 341237K [0x00000000c3400000, 0x00000000dde80000, 0x00000000ebc00000)
  object space 436736K, 78% used [0x00000000c3400000,0x00000000d813d7d0,0x00000000dde80000)
 PSPermGen       total 21504K, used 8180K [0x00000000be200000, 0x00000000bf700000, 0x00000000c3400000)
  object space 21504K, 38% used [0x00000000be200000,0x00000000be9fd360,0x00000000bf700000)
Event: 46.575 GC heap after
Heap after GC invocations=57 (full 4):
 PSYoungGen      total 258560K, used 26240K [0x00000000ebc00000, 0x00000000ffd00000, 0x0000000100000000)
  eden space 189440K, 0% used [0x00000000ebc00000,0x00000000ebc00000,0x00000000f7500000)
  from space 69120K, 37% used [0x00000000f7500000,0x00000000f8ea0010,0x00000000fb880000)
  to   space 68096K, 0% used [0x00000000fba80000,0x00000000fba80000,0x00000000ffd00000)
 ParOldGen       total 436736K, used 343509K [0x00000000c3400000, 0x00000000dde80000, 0x00000000ebc00000)
  object space 436736K, 78% used [0x00000000c3400000,0x00000000d83757e0,0x00000000dde80000)
 PSPermGen       total 21504K, used 8180K [0x00000000be200000, 0x00000000bf700000, 0x00000000c3400000)
  object space 21504K, 38% used [0x00000000be200000,0x00000000be9fd360,0x00000000bf700000)
}
Event: 46.711 GC heap before
{Heap before GC invocations=58 (full 4):
 PSYoungGen      total 258560K, used 215680K [0x00000000ebc00000, 0x00000000ffd00000, 0x0000000100000000)
  eden space 189440K, 100% used [0x00000000ebc00000,0x00000000f7500000,0x00000000f7500000)
  from space 69120K, 37% used [0x00000000f7500000,0x00000000f8ea0010,0x00000000fb880000)
  to   space 68096K, 0% used [0x00000000fba80000,0x00000000fba80000,0x00000000ffd00000)
 ParOldGen       total 436736K, used 343509K [0x00000000c3400000, 0x00000000dde80000, 0x00000000ebc00000)
  object space 436736K, 78% used [0x00000000c3400000,0x00000000d83757e0,0x00000000dde80000)
 PSPermGen       total 21504K, used 8180K [0x00000000be200000, 0x00000000bf700000, 0x00000000c3400000)
  object space 21504K, 38% used [0x00000000be200000,0x00000000be9fd360,0x00000000bf700000)
Event: 46.752 GC heap after
Heap after GC invocations=58 (full 4):
 PSYoungGen      total 256512K, used 416K [0x00000000ebc00000, 0x0000000100000000, 0x0000000100000000)
  eden space 188416K, 0% used [0x00000000ebc00000,0x00000000ebc00000,0x00000000f7400000)
  from space 68096K, 0% used [0x00000000fba80000,0x00000000fbae8000,0x00000000ffd00000)
  to   space 71680K, 0% used [0x00000000f7400000,0x00000000f7400000,0x00000000fba00000)
 ParOldGen       total 436736K, used 369406K [0x00000000c3400000, 0x00000000dde80000, 0x00000000ebc00000)
  object space 436736K, 84% used [0x00000000c3400000,0x00000000d9cbf800,0x00000000dde80000)
 PSPermGen       total 21504K, used 8180K [0x00000000be200000, 0x00000000bf700000, 0x00000000c3400000)
  object space 21504K, 38% used [0x00000000be200000,0x00000000be9fd360,0x00000000bf700000)
}
Event: 46.883 GC heap before
{Heap before GC invocations=59 (full 4):
 PSYoungGen      total 256512K, used 188832K [0x00000000ebc00000, 0x0000000100000000, 0x0000000100000000)
  eden space 188416K, 100% used [0x00000000ebc00000,0x00000000f7400000,0x00000000f7400000)
  from space 68096K, 0% used [0x00000000fba80000,0x00000000fbae8000,0x00000000ffd00000)
  to   space 71680K, 0% used [0x00000000f7400000,0x00000000f7400000,0x00000000fba00000)
 ParOldGen       total 436736K, used 369406K [0x00000000c3400000, 0x00000000dde80000, 0x00000000ebc00000)
  object space 436736K, 84% used [0x00000000c3400000,0x00000000d9cbf800,0x00000000dde80000)
 PSPermGen       total 21504K, used 8180K [0x00000000be200000, 0x00000000bf700000, 0x00000000c3400000)
  object space 21504K, 38% used [0x00000000be200000,0x00000000be9fd360,0x00000000bf700000)
Event: 46.899 GC heap after
Heap after GC invocations=59 (full 4):
 PSYoungGen      total 188928K, used 448K [0x00000000ebc00000, 0x0000000100000000, 0x0000000100000000)
  eden space 188416K, 0% used [0x00000000ebc00000,0x00000000ebc00000,0x00000000f7400000)
  from space 512K, 87% used [0x00000000f7400000,0x00000000f7470000,0x00000000f7480000)
  to   space 73216K, 0% used [0x00000000fb880000,0x00000000fb880000,0x0000000100000000)
 ParOldGen       total 436736K, used 369422K [0x00000000c3400000, 0x00000000dde80000, 0x00000000ebc00000)
  object space 436736K, 84% used [0x00000000c3400000,0x00000000d9cc3800,0x00000000dde80000)
 PSPermGen       total 21504K, used 8180K [0x00000000be200000, 0x00000000bf700000, 0x00000000c3400000)
  object space 21504K, 38% used [0x00000000be200000,0x00000000be9fd360,0x00000000bf700000)
}
Event: 47.032 GC heap before
{Heap before GC invocations=60 (full 4):
 PSYoungGen      total 188928K, used 188864K [0x00000000ebc00000, 0x0000000100000000, 0x0000000100000000)
  eden space 188416K, 100% used [0x00000000ebc00000,0x00000000f7400000,0x00000000f7400000)
  from space 512K, 87% used [0x00000000f7400000,0x00000000f7470000,0x00000000f7480000)
  to   space 73216K, 0% used [0x00000000fb880000,0x00000000fb880000,0x0000000100000000)
 ParOldGen       total 436736K, used 369422K [0x00000000c3400000, 0x00000000dde80000, 0x00000000ebc00000)
  object space 436736K, 84% used [0x00000000c3400000,0x00000000d9cc3800,0x00000000dde80000)
 PSPermGen       total 21504K, used 8180K [0x00000000be200000, 0x00000000bf700000, 0x00000000c3400000)
  object space 21504K, 38% used [0x00000000be200000,0x00000000be9fd360,0x00000000bf700000)
Event: 47.047 GC heap after
Heap after GC invocations=60 (full 4):
 PSYoungGen      total 256512K, used 384K [0x00000000ebc00000, 0x0000000100000000, 0x0000000100000000)
  eden space 183296K, 0% used [0x00000000ebc00000,0x00000000ebc00000,0x00000000f6f00000)
  from space 73216K, 0% used [0x00000000fb880000,0x00000000fb8e0000,0x0000000100000000)
  to   space 74240K, 0% used [0x00000000f6f00000,0x00000000f6f00000,0x00000000fb780000)
 ParOldGen       total 436736K, used 369422K [0x00000000c3400000, 0x00000000dde80000, 0x00000000ebc00000)
  object space 436736K, 84% used [0x00000000c3400000,0x00000000d9cc3800,0x00000000dde80000)
 PSPermGen       total 21504K, used 8180K [0x00000000be200000, 0x00000000bf700000, 0x00000000c3400000)
  object space 21504K, 38% used [0x00000000be200000,0x00000000be9fd360,0x00000000bf700000)
}
Event: 47.181 GC heap before
{Heap before GC invocations=61 (full 4):
 PSYoungGen      total 256512K, used 183680K [0x00000000ebc00000, 0x0000000100000000, 0x0000000100000000)
  eden space 183296K, 100% used [0x00000000ebc00000,0x00000000f6f00000,0x00000000f6f00000)
  from space 73216K, 0% used [0x00000000fb880000,0x00000000fb8e0000,0x0000000100000000)
  to   space 74240K, 0% used [0x00000000f6f00000,0x00000000f6f00000,0x00000000fb780000)
 ParOldGen       total 436736K, used 369422K [0x00000000c3400000, 0x00000000dde80000, 0x00000000ebc00000)
  object space 436736K, 84% used [0x00000000c3400000,0x00000000d9cc3800,0x00000000dde80000)
 PSPermGen       total 21504K, used 8180K [0x00000000be200000, 0x00000000bf700000, 0x00000000c3400000)
  object space 21504K, 38% used [0x00000000be200000,0x00000000be9fd360,0x00000000bf700000)
Event: 47.201 GC heap after
Heap after GC invocations=61 (full 4):
 PSYoungGen      total 257536K, used 384K [0x00000000ebc00000, 0x0000000100000000, 0x0000000100000000)
  eden space 183296K, 0% used [0x00000000ebc00000,0x00000000ebc00000,0x00000000f6f00000)
  from space 74240K, 0% used [0x00000000f6f00000,0x00000000f6f60000,0x00000000fb780000)
  to   space 74240K, 0% used [0x00000000fb780000,0x00000000fb780000,0x0000000100000000)
 ParOldGen       total 436736K, used 369430K [0x00000000c3400000, 0x00000000dde80000, 0x00000000ebc00000)
  object space 436736K, 84% used [0x00000000c3400000,0x00000000d9cc5800,0x00000000dde80000)
 PSPermGen       total 21504K, used 8180K [0x00000000be200000, 0x00000000bf700000, 0x00000000c3400000)
  object space 21504K, 38% used [0x00000000be200000,0x00000000be9fd360,0x00000000bf700000)
}

